2021-07-16 09:27:18.3724 [DEBUG] Scene Fusion version 1.9.2-2
2021-07-16 09:27:23.0814 [DEBUG] Scene Fusion version 1.9.2-2
2021-07-16 09:27:23.1234 [DEBUG] Play mode: True, sync in play mode: False
2021-07-16 09:27:25.9779 [ERROR] NullReferenceException: Object reference not set to an instance of an object
PlayerMovement.OnCollisionEnter2D (UnityEngine.Collision2D collision) (at Assets/Scripts/Player/PlayerMovement.cs:32)

2021-07-16 09:27:26.0345 [ERROR] NullReferenceException: Object reference not set to an instance of an object
PlayerMovement.OnCollisionEnter2D (UnityEngine.Collision2D collision) (at Assets/Scripts/Player/PlayerMovement.cs:32)

2021-07-16 09:27:26.0951 [ERROR] NullReferenceException: Object reference not set to an instance of an object
PlayerMovement.OnCollisionEnter2D (UnityEngine.Collision2D collision) (at Assets/Scripts/Player/PlayerMovement.cs:32)

2021-07-16 09:27:26.1546 [ERROR] NullReferenceException: Object reference not set to an instance of an object
PlayerMovement.OnCollisionEnter2D (UnityEngine.Collision2D collision) (at Assets/Scripts/Player/PlayerMovement.cs:32)

2021-07-16 09:27:26.1751 [ERROR] NullReferenceException: Object reference not set to an instance of an object
PlayerMovement.OnCollisionEnter2D (UnityEngine.Collision2D collision) (at Assets/Scripts/Player/PlayerMovement.cs:32)

2021-07-16 09:27:26.7542 [ERROR] NullReferenceException: Object reference not set to an instance of an object
PlayerMovement.OnCollisionEnter2D (UnityEngine.Collision2D collision) (at Assets/Scripts/Player/PlayerMovement.cs:32)

2021-07-16 09:27:27.3343 [ERROR] NullReferenceException: Object reference not set to an instance of an object
PlayerMovement.OnCollisionEnter2D (UnityEngine.Collision2D collision) (at Assets/Scripts/Player/PlayerMovement.cs:32)

2021-07-16 09:27:27.9955 [ERROR] NullReferenceException: Object reference not set to an instance of an object
PlayerMovement.OnCollisionEnter2D (UnityEngine.Collision2D collision) (at Assets/Scripts/Player/PlayerMovement.cs:32)

2021-07-16 09:27:28.3138 [ERROR] NullReferenceException: Object reference not set to an instance of an object
PlayerMovement.OnCollisionEnter2D (UnityEngine.Collision2D collision) (at Assets/Scripts/Player/PlayerMovement.cs:32)

2021-07-16 09:27:31.6351 [ERROR] NullReferenceException: Object reference not set to an instance of an object
PlayerMovement.OnCollisionEnter2D (UnityEngine.Collision2D collision) (at Assets/Scripts/Player/PlayerMovement.cs:32)

2021-07-16 09:27:32.1361 [ERROR] NullReferenceException: Object reference not set to an instance of an object
PlayerMovement.OnCollisionEnter2D (UnityEngine.Collision2D collision) (at Assets/Scripts/Player/PlayerMovement.cs:32)

2021-07-16 09:27:32.3158 [ERROR] NullReferenceException: Object reference not set to an instance of an object
PlayerMovement.OnCollisionEnter2D (UnityEngine.Collision2D collision) (at Assets/Scripts/Player/PlayerMovement.cs:32)

2021-07-16 09:27:32.8353 [ERROR] NullReferenceException: Object reference not set to an instance of an object
PlayerMovement.OnCollisionEnter2D (UnityEngine.Collision2D collision) (at Assets/Scripts/Player/PlayerMovement.cs:32)

2021-07-16 09:27:32.9749 [ERROR] NullReferenceException: Object reference not set to an instance of an object
PlayerMovement.OnCollisionEnter2D (UnityEngine.Collision2D collision) (at Assets/Scripts/Player/PlayerMovement.cs:32)

2021-07-16 09:28:01.2957 [DEBUG] Play mode: False
2021-07-16 09:28:51.6776 [DEBUG] Scene Fusion version 1.9.2-2
2021-07-16 09:28:51.7420 [DEBUG] Play mode: True, sync in play mode: False
2021-07-16 09:29:05.4061 [DEBUG] Play mode: False
2021-07-16 09:29:24.6585 [DEBUG] Scene Fusion version 1.9.2-2
2021-07-16 09:29:24.7201 [DEBUG] Play mode: True, sync in play mode: False
2021-07-16 09:31:01.2660 [DEBUG] Play mode: False
