2021-07-17 08:34:31.6613 [DEBUG] Scene Fusion version 1.9.2-2
2021-07-17 08:34:31.7972 [DEBUG] Play mode: True, sync in play mode: False
2021-07-17 08:35:15.5200 [DEBUG] Play mode: False
2021-07-17 08:37:16.0109 [DEBUG] Scene Fusion version 1.9.2-2
2021-07-17 08:37:16.1070 [DEBUG] Play mode: True, sync in play mode: False
2021-07-17 08:37:50.5005 [DEBUG] Play mode: False
2021-07-17 08:38:29.9289 [DEBUG] Scene Fusion version 1.9.2-2
2021-07-17 08:38:30.0258 [DEBUG] Play mode: True, sync in play mode: False
2021-07-17 08:40:35.9820 [DEBUG] Play mode: False
2021-07-17 08:41:32.5987 [DEBUG] Scene Fusion version 1.9.2-2
2021-07-17 08:41:32.7105 [DEBUG] Play mode: True, sync in play mode: False
2021-07-17 08:41:35.3503 [DEBUG] Play mode: False
2021-07-17 08:52:56.3104 [DEBUG] Scene Fusion version 1.9.2-2
2021-07-17 08:52:56.4254 [DEBUG] Play mode: True, sync in play mode: False
2021-07-17 08:53:04.5826 [DEBUG] Play mode: False
2021-07-17 08:57:25.1495 [DEBUG] Scene Fusion version 1.9.2-2
2021-07-17 08:57:25.2551 [DEBUG] Play mode: True, sync in play mode: False
2021-07-17 08:57:42.8618 [DEBUG] Play mode: False
2021-07-17 08:59:24.8902 [DEBUG] Scene Fusion version 1.9.2-2
2021-07-17 08:59:25.0039 [DEBUG] Play mode: True, sync in play mode: False
2021-07-17 08:59:32.5682 [DEBUG] Play mode: False
2021-07-17 09:01:42.4586 [DEBUG] Scene Fusion version 1.9.2-2
2021-07-17 09:01:42.5658 [DEBUG] Play mode: True, sync in play mode: False
2021-07-17 09:01:47.0800 [DEBUG] Play mode: False
2021-07-17 09:15:23.8052 [DEBUG] Scene Fusion version 1.9.2-2
2021-07-17 09:15:23.9130 [DEBUG] Play mode: True, sync in play mode: False
2021-07-17 09:16:08.5177 [DEBUG] Play mode: False
2021-07-17 09:16:52.3028 [DEBUG] Scene Fusion version 1.9.2-2
2021-07-17 09:16:52.4226 [DEBUG] Play mode: True, sync in play mode: False
2021-07-17 09:17:57.4143 [DEBUG] Play mode: False
2021-07-17 09:22:05.1899 [DEBUG] Scene Fusion version 1.9.2-2
2021-07-17 09:22:05.3306 [DEBUG] Play mode: True, sync in play mode: False
2021-07-17 09:22:10.1914 [DEBUG] Play mode: False
2021-07-17 09:22:23.9838 [DEBUG] Scene Fusion version 1.9.2-2
2021-07-17 09:22:24.1108 [DEBUG] Play mode: True, sync in play mode: False
2021-07-17 09:22:28.2436 [DEBUG] Play mode: False
2021-07-17 09:24:02.6422 [DEBUG] Scene Fusion version 1.9.2-2
2021-07-17 09:24:02.7544 [DEBUG] Play mode: True, sync in play mode: False
2021-07-17 09:24:05.5295 [DEBUG] Play mode: False
2021-07-17 09:24:46.8807 [DEBUG] Scene Fusion version 1.9.2-2
2021-07-17 09:24:47.0167 [DEBUG] Play mode: True, sync in play mode: False
2021-07-17 09:25:06.5425 [DEBUG] Play mode: False
2021-07-17 09:27:02.0190 [DEBUG] Scene Fusion version 1.9.2-2
2021-07-17 09:27:02.1463 [DEBUG] Play mode: True, sync in play mode: False
2021-07-17 09:27:20.7433 [DEBUG] Play mode: False
2021-07-17 09:30:00.0421 [DEBUG] Scene Fusion version 1.9.2-2
2021-07-17 09:30:00.1639 [DEBUG] Play mode: True, sync in play mode: False
2021-07-17 09:30:18.0735 [DEBUG] Play mode: False
2021-07-17 09:37:25.4963 [DEBUG] Scene Fusion version 1.9.2-2
2021-07-17 09:37:25.6080 [DEBUG] Play mode: True, sync in play mode: False
2021-07-17 09:37:50.4756 [DEBUG] Play mode: False
2021-07-17 09:39:56.8409 [DEBUG] Scene Fusion version 1.9.2-2
2021-07-17 09:39:56.9613 [DEBUG] Play mode: True, sync in play mode: False
2021-07-17 09:40:22.7972 [DEBUG] Play mode: False
2021-07-17 09:44:13.5448 [DEBUG] Scene Fusion version 1.9.2-2
2021-07-17 09:44:13.6702 [DEBUG] Play mode: True, sync in play mode: False
2021-07-17 09:45:42.8521 [DEBUG] Play mode: False
2021-07-17 09:54:23.7643 [DEBUG] Scene Fusion version 1.9.2-2
2021-07-17 09:54:23.9106 [DEBUG] Play mode: True, sync in play mode: False
2021-07-17 09:55:17.6493 [DEBUG] Play mode: False
2021-07-17 10:02:28.6067 [DEBUG] Scene Fusion version 1.9.2-2
2021-07-17 10:02:28.7228 [DEBUG] Play mode: True, sync in play mode: False
2021-07-17 10:03:41.3001 [DEBUG] Play mode: False
2021-07-17 10:12:38.7449 [DEBUG] Scene Fusion version 1.9.2-2
2021-07-17 10:12:38.8765 [DEBUG] Play mode: True, sync in play mode: False
2021-07-17 10:13:34.7591 [DEBUG] Play mode: False
2021-07-17 10:14:49.2466 [DEBUG] Scene Fusion version 1.9.2-2
2021-07-17 10:14:49.3793 [DEBUG] Play mode: True, sync in play mode: False
2021-07-17 10:19:48.9593 [DEBUG] Scene Fusion version 1.9.2-2
2021-07-17 10:22:09.7653 [DEBUG] Scene Fusion version 1.9.2-2
2021-07-17 10:22:09.8781 [DEBUG] Play mode: True, sync in play mode: False
2021-07-17 10:22:33.3729 [DEBUG] Play mode: False
2021-07-17 10:28:06.5626 [DEBUG] Scene Fusion version 1.9.2-2
2021-07-17 10:28:06.6771 [DEBUG] Play mode: True, sync in play mode: False
2021-07-17 10:28:16.7230 [DEBUG] Play mode: False
2021-07-17 11:16:54.6177 [DEBUG] Scene Fusion version 1.9.2-2
2021-07-17 11:16:54.7812 [DEBUG] Play mode: True, sync in play mode: False
2021-07-17 11:18:09.8588 [DEBUG] Play mode: False
2021-07-17 11:18:54.1338 [DEBUG] Scene Fusion version 1.9.2-2
2021-07-17 11:18:54.2551 [DEBUG] Play mode: True, sync in play mode: False
2021-07-17 11:19:08.5049 [DEBUG] Play mode: False
2021-07-17 11:19:49.9678 [DEBUG] Scene Fusion version 1.9.2-2
2021-07-17 11:19:50.0915 [DEBUG] Play mode: True, sync in play mode: False
2021-07-17 11:19:54.3688 [DEBUG] Play mode: False
2021-07-17 11:20:17.0628 [DEBUG] Scene Fusion version 1.9.2-2
2021-07-17 11:20:17.1825 [DEBUG] Play mode: True, sync in play mode: False
2021-07-17 11:20:47.9430 [DEBUG] Play mode: False
2021-07-17 11:21:04.5428 [DEBUG] Scene Fusion version 1.9.2-2
2021-07-17 11:21:04.6621 [DEBUG] Play mode: True, sync in play mode: False
2021-07-17 11:21:19.0368 [DEBUG] Play mode: False
2021-07-17 11:25:44.0771 [DEBUG] Scene Fusion version 1.9.2-2
2021-07-17 11:25:44.2309 [DEBUG] Play mode: True, sync in play mode: False
2021-07-17 11:26:57.2624 [DEBUG] Play mode: False
2021-07-17 13:02:41.0351 [DEBUG] Scene Fusion version 1.9.2-2
2021-07-17 13:02:41.1603 [DEBUG] Play mode: True, sync in play mode: False
2021-07-17 13:04:24.2181 [DEBUG] Play mode: False
2021-07-17 13:07:12.6222 [DEBUG] Scene Fusion version 1.9.2-2
2021-07-17 13:07:12.7319 [DEBUG] Play mode: True, sync in play mode: False
2021-07-17 13:09:05.4298 [DEBUG] Play mode: False
2021-07-17 13:19:49.0935 [DEBUG] Scene Fusion version 1.9.2-2
2021-07-17 13:19:49.2110 [DEBUG] Play mode: True, sync in play mode: False
2021-07-17 13:21:27.2503 [DEBUG] Play mode: False
2021-07-17 13:49:34.2650 [DEBUG] Scene Fusion version 1.9.2-2
2021-07-17 13:49:34.3945 [DEBUG] Play mode: True, sync in play mode: False
2021-07-17 13:51:04.5725 [DEBUG] Play mode: False
2021-07-17 13:51:12.0911 [DEBUG] Scene Fusion version 1.9.2-2
2021-07-17 13:51:12.2113 [DEBUG] Play mode: True, sync in play mode: False
2021-07-17 13:52:46.2142 [DEBUG] Play mode: False
2021-07-17 14:08:04.1347 [DEBUG] Scene Fusion version 1.9.2-2
2021-07-17 14:08:04.2779 [DEBUG] Play mode: True, sync in play mode: False
2021-07-17 14:08:11.1189 [DEBUG] Play mode: False
2021-07-17 14:20:04.1875 [DEBUG] Scene Fusion version 1.9.2-2
2021-07-17 14:20:04.3147 [DEBUG] Play mode: True, sync in play mode: False
2021-07-17 14:20:05.7322 [DEBUG] Play mode: False
2021-07-17 14:20:32.0336 [DEBUG] Scene Fusion version 1.9.2-2
2021-07-17 14:20:32.1592 [DEBUG] Play mode: True, sync in play mode: False
2021-07-17 14:20:42.5315 [DEBUG] Play mode: False
2021-07-17 14:22:50.2695 [DEBUG] Scene Fusion version 1.9.2-2
2021-07-17 14:22:50.4188 [DEBUG] Play mode: True, sync in play mode: False
2021-07-17 14:22:51.6643 [DEBUG] Play mode: False
2021-07-17 14:25:30.2442 [DEBUG] Scene Fusion version 1.9.2-2
2021-07-17 14:25:30.3635 [DEBUG] Play mode: True, sync in play mode: False
2021-07-17 14:25:59.6385 [ERROR] NullReferenceException: Object reference not set to an instance of an object
Unity.Cloud.Collaborate.UserInterface.CollaborateWindow.OnDisable () (at Library/PackageCache/com.unity.collab-proxy@1.5.7/Editor/Collaborate/UserInterface/CollaborateWindow.cs:86)
UnityEditor.GenericMenu:CatchMenu(Object, String[], Int32)

2021-07-17 14:26:28.4035 [DEBUG] Play mode: False
2021-07-17 14:26:33.5549 [DEBUG] Scene Fusion version 1.9.2-2
2021-07-17 14:26:33.7443 [DEBUG] Play mode: True, sync in play mode: False
2021-07-17 14:28:11.2555 [DEBUG] Play mode: False
2021-07-17 14:30:26.0352 [DEBUG] Scene Fusion version 1.9.2-2
2021-07-17 14:30:26.1688 [DEBUG] Play mode: True, sync in play mode: False
2021-07-17 14:30:27.6374 [DEBUG] Play mode: False
2021-07-17 14:30:32.5876 [DEBUG] Scene Fusion version 1.9.2-2
2021-07-17 14:30:32.7328 [DEBUG] Play mode: True, sync in play mode: False
2021-07-17 14:30:36.6057 [DEBUG] Play mode: False
2021-07-17 14:34:09.6349 [DEBUG] Scene Fusion version 1.9.2-2
2021-07-17 14:34:09.7767 [DEBUG] Play mode: True, sync in play mode: False
2021-07-17 14:34:18.7937 [DEBUG] Play mode: False
2021-07-17 14:38:18.7723 [DEBUG] Scene Fusion version 1.9.2-2
2021-07-17 14:38:18.9094 [DEBUG] Play mode: True, sync in play mode: False
2021-07-17 14:38:42.8148 [DEBUG] Play mode: False
2021-07-17 14:39:30.5011 [DEBUG] Scene Fusion version 1.9.2-2
2021-07-17 14:39:30.6443 [DEBUG] Play mode: True, sync in play mode: False
2021-07-17 14:39:36.0965 [DEBUG] Play mode: False
2021-07-17 14:54:48.9994 [DEBUG] Scene Fusion version 1.9.2-2
2021-07-17 14:54:49.1230 [DEBUG] Play mode: True, sync in play mode: False
2021-07-17 14:54:57.2774 [ERROR] NullReferenceException: Object reference not set to an instance of an object
Unity.Cloud.Collaborate.UserInterface.CollaborateWindow.OnDisable () (at Library/PackageCache/com.unity.collab-proxy@1.5.7/Editor/Collaborate/UserInterface/CollaborateWindow.cs:86)
UnityEditor.GenericMenu:CatchMenu(Object, String[], Int32)

2021-07-17 14:55:04.7769 [DEBUG] Play mode: False
2021-07-17 14:55:09.3310 [DEBUG] Scene Fusion version 1.9.2-2
2021-07-17 14:55:09.3688 [DEBUG] Play mode: True, sync in play mode: False
2021-07-17 14:55:16.0530 [DEBUG] Play mode: False
2021-07-17 14:55:31.0421 [DEBUG] Scene Fusion version 1.9.2-2
2021-07-17 14:55:31.0870 [DEBUG] Play mode: True, sync in play mode: False
2021-07-17 14:55:52.1472 [DEBUG] Play mode: False
2021-07-17 14:56:26.2954 [DEBUG] Scene Fusion version 1.9.2-2
2021-07-17 14:56:26.3363 [DEBUG] Play mode: True, sync in play mode: False
2021-07-17 14:57:07.6267 [DEBUG] Play mode: False
2021-07-17 14:57:43.6638 [DEBUG] Scene Fusion version 1.9.2-2
2021-07-17 14:57:43.7017 [DEBUG] Play mode: True, sync in play mode: False
2021-07-17 15:00:10.3644 [DEBUG] Play mode: False
2021-07-17 15:08:40.2029 [DEBUG] Scene Fusion version 1.9.2-2
2021-07-17 15:08:40.2467 [DEBUG] Play mode: True, sync in play mode: False
2021-07-17 15:10:44.3362 [DEBUG] Play mode: False
2021-07-17 15:14:39.3076 [DEBUG] Scene Fusion version 1.9.2-2
2021-07-17 15:14:39.3376 [DEBUG] Play mode: True, sync in play mode: False
2021-07-17 15:14:52.1093 [DEBUG] Play mode: False
2021-07-17 15:25:44.0658 [DEBUG] Scene Fusion version 1.9.2-2
2021-07-17 15:25:44.1127 [DEBUG] Play mode: True, sync in play mode: False
2021-07-17 15:25:50.0559 [DEBUG] Play mode: False
2021-07-17 15:26:49.5694 [DEBUG] Scene Fusion version 1.9.2-2
2021-07-17 15:26:49.6178 [DEBUG] Play mode: True, sync in play mode: False
2021-07-17 15:30:02.1374 [DEBUG] Play mode: False
2021-07-17 15:35:52.0998 [DEBUG] Scene Fusion version 1.9.2-2
2021-07-17 15:35:58.6855 [ERROR] NullReferenceException: Object reference not set to an instance of an object
Unity.Cloud.Collaborate.UserInterface.CollaborateWindow.OnDisable () (at Library/PackageCache/com.unity.collab-proxy@1.5.7/Editor/Collaborate/UserInterface/CollaborateWindow.cs:86)

2021-07-17 15:36:01.4401 [DEBUG] Scene Fusion version 1.9.2-2
2021-07-17 15:36:01.4805 [DEBUG] Play mode: True, sync in play mode: False
2021-07-17 15:36:04.1193 [DEBUG] Play mode: False
2021-07-17 15:45:34.5930 [DEBUG] Scene Fusion version 1.9.2-2
2021-07-17 15:45:34.6424 [DEBUG] Play mode: True, sync in play mode: False
2021-07-17 15:45:45.5688 [DEBUG] Play mode: False
2021-07-17 15:51:10.5301 [DEBUG] Scene Fusion version 1.9.2-2
2021-07-17 16:03:52.8364 [ERROR] NullReferenceException: Object reference not set to an instance of an object
Unity.Cloud.Collaborate.UserInterface.CollaborateWindow.OnDisable () (at Library/PackageCache/com.unity.collab-proxy@1.5.7/Editor/Collaborate/UserInterface/CollaborateWindow.cs:86)

2021-07-17 16:04:00.0316 [DEBUG] Scene Fusion version 1.9.2-2
2021-07-17 16:06:08.9171 [ERROR] NullReferenceException: Object reference not set to an instance of an object
Unity.Cloud.Collaborate.UserInterface.CollaborateWindow.OnDisable () (at Library/PackageCache/com.unity.collab-proxy@1.5.7/Editor/Collaborate/UserInterface/CollaborateWindow.cs:86)

2021-07-17 16:06:12.2994 [DEBUG] Scene Fusion version 1.9.2-2
2021-07-17 16:06:12.3373 [DEBUG] Play mode: True, sync in play mode: False
2021-07-17 16:06:24.6218 [DEBUG] Play mode: False
2021-07-17 16:06:42.7025 [DEBUG] Scene Fusion version 1.9.2-2
2021-07-17 16:06:42.8267 [DEBUG] Play mode: True, sync in play mode: False
2021-07-17 16:07:33.2685 [DEBUG] Play mode: False
2021-07-17 16:09:53.0043 [DEBUG] Scene Fusion version 1.9.2-2
2021-07-17 16:09:53.0909 [DEBUG] Play mode: True, sync in play mode: False
2021-07-17 16:10:04.4540 [DEBUG] Play mode: False
2021-07-17 16:30:07.0707 [DEBUG] Scene Fusion version 1.9.2-2
2021-07-17 16:30:07.2199 [DEBUG] Play mode: True, sync in play mode: False
2021-07-17 16:30:17.4911 [DEBUG] Play mode: False
2021-07-17 16:36:32.5734 [DEBUG] Scene Fusion version 1.9.2-2
2021-07-17 16:37:02.2439 [DEBUG] Scene Fusion version 1.9.2-2
2021-07-17 16:37:02.3820 [DEBUG] Play mode: True, sync in play mode: False
2021-07-17 16:37:28.2928 [DEBUG] Play mode: False
2021-07-17 16:40:23.5802 [DEBUG] Scene Fusion version 1.9.2-2
2021-07-17 16:40:23.7332 [DEBUG] Play mode: True, sync in play mode: False
2021-07-17 16:40:27.1928 [DEBUG] Play mode: False
2021-07-17 16:41:23.9508 [DEBUG] Scene Fusion version 1.9.2-2
2021-07-17 16:41:24.1097 [DEBUG] Play mode: True, sync in play mode: False
2021-07-17 16:41:38.3433 [DEBUG] Play mode: False
2021-07-17 16:41:44.8565 [DEBUG] Scene Fusion version 1.9.2-2
2021-07-17 16:41:45.0853 [DEBUG] Play mode: True, sync in play mode: False
2021-07-17 16:44:18.9060 [DEBUG] Play mode: False
2021-07-17 16:44:46.4211 [DEBUG] Scene Fusion version 1.9.2-2
2021-07-17 16:44:46.5720 [DEBUG] Play mode: True, sync in play mode: False
2021-07-17 16:45:04.1299 [DEBUG] Play mode: False
2021-07-17 16:45:10.8804 [DEBUG] Scene Fusion version 1.9.2-2
2021-07-17 16:45:10.9865 [DEBUG] Play mode: True, sync in play mode: False
2021-07-17 16:47:43.9715 [DEBUG] Play mode: False
2021-07-17 16:47:59.7521 [DEBUG] Scene Fusion version 1.9.2-2
2021-07-17 16:47:59.8658 [DEBUG] Play mode: True, sync in play mode: False
2021-07-17 16:48:02.6608 [DEBUG] Play mode: False
2021-07-17 16:48:20.1332 [DEBUG] Scene Fusion version 1.9.2-2
2021-07-17 16:48:29.1517 [DEBUG] Scene Fusion version 1.9.2-2
2021-07-17 16:48:29.2699 [DEBUG] Play mode: True, sync in play mode: False
2021-07-17 16:48:33.7124 [DEBUG] Play mode: False
2021-07-17 16:48:46.3425 [DEBUG] Scene Fusion version 1.9.2-2
2021-07-17 16:48:46.4582 [DEBUG] Play mode: True, sync in play mode: False
2021-07-17 16:48:52.7971 [DEBUG] Play mode: False
2021-07-17 16:49:20.4757 [DEBUG] Scene Fusion version 1.9.2-2
2021-07-17 16:49:20.5883 [DEBUG] Play mode: True, sync in play mode: False
2021-07-17 16:49:24.4391 [DEBUG] Play mode: False
2021-07-17 16:49:45.4511 [DEBUG] Scene Fusion version 1.9.2-2
2021-07-17 16:49:45.5653 [DEBUG] Play mode: True, sync in play mode: False
2021-07-17 16:49:50.8647 [DEBUG] Play mode: False
2021-07-17 16:50:08.0555 [DEBUG] Scene Fusion version 1.9.2-2
2021-07-17 16:50:08.1800 [DEBUG] Play mode: True, sync in play mode: False
2021-07-17 16:51:17.5656 [DEBUG] Play mode: False
2021-07-17 16:51:23.5774 [DEBUG] Scene Fusion version 1.9.2-2
2021-07-17 16:51:23.7340 [DEBUG] Play mode: True, sync in play mode: False
2021-07-17 16:51:26.3418 [DEBUG] Play mode: False
2021-07-17 16:51:34.9807 [DEBUG] Scene Fusion version 1.9.2-2
2021-07-17 16:51:35.0986 [DEBUG] Play mode: True, sync in play mode: False
2021-07-17 16:51:40.0310 [DEBUG] Play mode: False
2021-07-17 17:01:03.5211 [DEBUG] Scene Fusion version 1.9.2-2
2021-07-17 17:01:03.6776 [DEBUG] Play mode: True, sync in play mode: False
2021-07-17 17:01:08.3840 [DEBUG] Play mode: False
2021-07-17 17:03:07.8916 [DEBUG] Scene Fusion version 1.9.2-2
2021-07-17 17:03:08.0511 [DEBUG] Play mode: True, sync in play mode: False
2021-07-17 17:03:17.1122 [DEBUG] Play mode: False
2021-07-17 17:04:09.7477 [DEBUG] Scene Fusion version 1.9.2-2
2021-07-17 17:04:09.8408 [DEBUG] Play mode: True, sync in play mode: False
2021-07-17 17:04:15.1877 [DEBUG] Play mode: False
2021-07-17 17:05:08.8229 [DEBUG] Scene Fusion version 1.9.2-2
2021-07-17 17:05:08.9816 [DEBUG] Play mode: True, sync in play mode: False
2021-07-17 17:05:24.2091 [DEBUG] Play mode: False
